<?xml version="1.0" encoding="UTF-8"?>
<!-- Generated by org.testng.reporters.JUnitReportReporter -->
<testsuite hostname="RUBINI" failures="0" tests="3" name="stepdefinitions.ManageAppointmentBlocks" time="0.033" errors="0" timestamp="2024-03-01T10:14:10 IST" skipped="0">
  <testcase classname="stepdefinitions.ManageAppointmentBlocks" name="loginTest" time="0.012"/>
  <system-out/>
  <testcase classname="stepdefinitions.ManageAppointmentBlocks" name="loginTest" time="0.006"/>
  <system-out/>
  <testcase classname="stepdefinitions.ManageAppointmentBlocks" name="loginTest" time="0.015"/>
  <system-out/>
</testsuite> <!-- stepdefinitions.ManageAppointmentBlocks -->
