<?xml version="1.0" encoding="UTF-8"?>
<!-- Generated by org.testng.reporters.JUnitReportReporter -->
<testsuite hostname="RUBINI" failures="0" tests="5" name="stepdefinitions.ServicetypesM" time="29.053" errors="0" timestamp="2024-02-29T18:27:47 IST" skipped="0">
  <testcase classname="stepdefinitions.ServicetypesM" name="browser_is_open" time="2.295"/>
  <system-out/>
  <testcase classname="stepdefinitions.ServicetypesM" name="admin_is_on_the_login_page" time="3.702"/>
  <system-out/>
  <testcase classname="stepdefinitions.ServicetypesM" name="i_enter_username_and_password" time="1.272"/>
  <system-out/>
  <testcase classname="stepdefinitions.ServicetypesM" name="i_click_on_inpatient_ward_to_access_location" time="4.491"/>
  <system-out/>
  <testcase classname="stepdefinitions.ServicetypesM" name="i_navigate_to_the_home_page" time="17.293"/>
  <system-out/>
</testsuite> <!-- stepdefinitions.ServicetypesM -->
