<?xml version="1.0" encoding="UTF-8"?>
<!-- Generated by org.testng.reporters.JUnitReportReporter -->
<testsuite hostname="RUBINI" failures="0" tests="3" name="stepdefinitions.ManageStepdefinition" time="0.004" errors="0" timestamp="2024-02-29T18:27:47 IST" skipped="0">
  <testcase classname="stepdefinitions.ManageStepdefinition" name="loginTest" time="0.001"/>
  <system-out/>
  <testcase classname="stepdefinitions.ManageStepdefinition" name="loginTest" time="0.001"/>
  <system-out/>
  <testcase classname="stepdefinitions.ManageStepdefinition" name="loginTest" time="0.002"/>
  <system-out/>
</testsuite> <!-- stepdefinitions.ManageStepdefinition -->
